[01-05 17:38:32]: [INFO] Created column 'regdate' and set the current timestamp, 1578217112912, to all 0 rows
[01-05 17:38:33]: [INFO] SQLite Setup finished
[01-05 17:38:33]: [INFO] Hooked into Vault!
[01-05 17:38:33]: [INFO] Hooked successfully into Essentials
[01-05 17:38:33]: [INFO] Hooked successfully into Multiverse-Core
[01-05 17:38:33]: [INFO] Essentials spawn file not found: '/Users/ryan/minecraft/paper-1.15.1-V1.4/plugins/Essentials/spawn.yml'
[01-05 17:38:34]: [WARN] WARNING! The protectInventory feature requires ProtocolLib! Disabling it...
[01-05 17:38:34]: [INFO] AuthMe 5.6.0-SNAPSHOT build n.2347 successfully enabled!
[01-05 17:38:35]: [INFO] Downloading GEO IP database, because the old database is older than 30 days or doesn't exist
[01-05 17:38:36]: [WARN] Could not download GeoLiteAPI database [IOException]: Server returned HTTP response code: 530 for URL: https://geolite.maxmind.com/download/geoip/database/GeoLite2-Country.tar.gz
[01-05 17:38:36]: java.io.IOException: Server returned HTTP response code: 530 for URL: https://geolite.maxmind.com/download/geoip/database/GeoLite2-Country.tar.gz
	at java.base/jdk.internal.reflect.NativeConstructorAccessorImpl.newInstance0(Native Method)
	at java.base/jdk.internal.reflect.NativeConstructorAccessorImpl.newInstance(NativeConstructorAccessorImpl.java:62)
	at java.base/jdk.internal.reflect.DelegatingConstructorAccessorImpl.newInstance(DelegatingConstructorAccessorImpl.java:45)
	at java.base/java.lang.reflect.Constructor.newInstance(Constructor.java:490)
	at java.base/sun.net.www.protocol.http.HttpURLConnection$10.run(HttpURLConnection.java:1969)
	at java.base/sun.net.www.protocol.http.HttpURLConnection$10.run(HttpURLConnection.java:1964)
	at java.base/java.security.AccessController.doPrivileged(AccessController.java:734)
	at java.base/sun.net.www.protocol.http.HttpURLConnection.getChainedException(HttpURLConnection.java:1963)
	at java.base/sun.net.www.protocol.http.HttpURLConnection.getInputStream0(HttpURLConnection.java:1531)
	at java.base/sun.net.www.protocol.http.HttpURLConnection.getInputStream(HttpURLConnection.java:1515)
	at java.base/sun.net.www.protocol.https.HttpsURLConnectionImpl.getInputStream(HttpsURLConnectionImpl.java:250)
	at fr.xephi.authme.service.GeoIpService.downloadDatabaseArchive(GeoIpService.java:199)
	at fr.xephi.authme.service.GeoIpService.downloadDatabaseArchive(GeoIpService.java:216)
	at fr.xephi.authme.service.GeoIpService.updateDatabase(GeoIpService.java:142)
	at fr.xephi.authme.service.GeoIpService$$Lambda$3091.0000000000000000.run(Unknown Source)
	at org.bukkit.craftbukkit.v1_15_R1.scheduler.CraftTask.run(CraftTask.java:84)
	at org.bukkit.craftbukkit.v1_15_R1.scheduler.CraftAsyncTask.run(CraftAsyncTask.java:54)
	at com.destroystokyo.paper.ServerSchedulerReportingWrapper.run(ServerSchedulerReportingWrapper.java:22)
	at java.base/java.util.concurrent.ThreadPoolExecutor.runWorker(ThreadPoolExecutor.java:1128)
	at java.base/java.util.concurrent.ThreadPoolExecutor$Worker.run(ThreadPoolExecutor.java:628)
	at java.base/java.lang.Thread.run(Thread.java:831)
Caused by: java.io.IOException: Server returned HTTP response code: 530 for URL: https://geolite.maxmind.com/download/geoip/database/GeoLite2-Country.tar.gz
	at java.base/sun.net.www.protocol.http.HttpURLConnection.getInputStream0(HttpURLConnection.java:1919)
	at java.base/sun.net.www.protocol.http.HttpURLConnection.getInputStream(HttpURLConnection.java:1515)
	at java.base/java.net.HttpURLConnection.getResponseCode(HttpURLConnection.java:527)
	at java.base/sun.net.www.protocol.https.HttpsURLConnectionImpl.getResponseCode(HttpsURLConnectionImpl.java:334)
	at fr.xephi.authme.service.GeoIpService.downloadDatabaseArchive(GeoIpService.java:193)
	... 9 more

[01-05 17:39:14]: [FINE] Ryan registered 192.168.31.150
[01-05 17:39:14]: [FINE] Ryan logged in!
[01-05 17:41:30]: [FINE] Ryan logged in!
[01-05 17:43:52]: [FINE] Ryan logged in!
[01-05 17:49:13]: [FINE] Ryan logged in!
[01-05 22:27:23]: [FINE] Ryan logged in!
[01-05 22:39:13]: [FINE] swim registered 10.10.30.181
[01-05 22:39:13]: [FINE] swim logged in!
[01-05 22:44:56]: [FINE] swim logged in!
[01-05 23:08:25]: [FINE] Ryan logged in!
[01-06 00:13:55]: [INFO] AuthMe 5.6.0-SNAPSHOT-b2347 disabled!
[01-06 11:03:51]: [INFO] SQLite Setup finished
[01-06 11:03:51]: [INFO] Hooked into Vault!
[01-06 11:03:51]: [INFO] Hooked successfully into Essentials
[01-06 11:03:51]: [INFO] Hooked successfully into Multiverse-Core
[01-06 11:03:51]: [INFO] Essentials spawn file not found: '/Users/ryan/minecraft/paper-1.15.1-V1.4/plugins/Essentials/spawn.yml'
[01-06 11:03:51]: [WARN] WARNING! The protectInventory feature requires ProtocolLib! Disabling it...
[01-06 11:03:51]: [INFO] AuthMe 5.6.0-SNAPSHOT build n.2347 successfully enabled!
[01-06 11:03:52]: [INFO] Downloading GEO IP database, because the old database is older than 30 days or doesn't exist
[01-06 11:03:53]: [WARN] Could not download GeoLiteAPI database [IOException]: Server returned HTTP response code: 530 for URL: https://geolite.maxmind.com/download/geoip/database/GeoLite2-Country.tar.gz
[01-06 11:03:53]: java.io.IOException: Server returned HTTP response code: 530 for URL: https://geolite.maxmind.com/download/geoip/database/GeoLite2-Country.tar.gz
	at java.base/jdk.internal.reflect.NativeConstructorAccessorImpl.newInstance0(Native Method)
	at java.base/jdk.internal.reflect.NativeConstructorAccessorImpl.newInstance(NativeConstructorAccessorImpl.java:62)
	at java.base/jdk.internal.reflect.DelegatingConstructorAccessorImpl.newInstance(DelegatingConstructorAccessorImpl.java:45)
	at java.base/java.lang.reflect.Constructor.newInstance(Constructor.java:490)
	at java.base/sun.net.www.protocol.http.HttpURLConnection$10.run(HttpURLConnection.java:1969)
	at java.base/sun.net.www.protocol.http.HttpURLConnection$10.run(HttpURLConnection.java:1964)
	at java.base/java.security.AccessController.doPrivileged(AccessController.java:734)
	at java.base/sun.net.www.protocol.http.HttpURLConnection.getChainedException(HttpURLConnection.java:1963)
	at java.base/sun.net.www.protocol.http.HttpURLConnection.getInputStream0(HttpURLConnection.java:1531)
	at java.base/sun.net.www.protocol.http.HttpURLConnection.getInputStream(HttpURLConnection.java:1515)
	at java.base/sun.net.www.protocol.https.HttpsURLConnectionImpl.getInputStream(HttpsURLConnectionImpl.java:250)
	at fr.xephi.authme.service.GeoIpService.downloadDatabaseArchive(GeoIpService.java:199)
	at fr.xephi.authme.service.GeoIpService.downloadDatabaseArchive(GeoIpService.java:216)
	at fr.xephi.authme.service.GeoIpService.updateDatabase(GeoIpService.java:142)
	at fr.xephi.authme.service.GeoIpService$$Lambda$3091.0000000000000000.run(Unknown Source)
	at org.bukkit.craftbukkit.v1_15_R1.scheduler.CraftTask.run(CraftTask.java:84)
	at org.bukkit.craftbukkit.v1_15_R1.scheduler.CraftAsyncTask.run(CraftAsyncTask.java:54)
	at com.destroystokyo.paper.ServerSchedulerReportingWrapper.run(ServerSchedulerReportingWrapper.java:22)
	at java.base/java.util.concurrent.ThreadPoolExecutor.runWorker(ThreadPoolExecutor.java:1128)
	at java.base/java.util.concurrent.ThreadPoolExecutor$Worker.run(ThreadPoolExecutor.java:628)
	at java.base/java.lang.Thread.run(Thread.java:831)
Caused by: java.io.IOException: Server returned HTTP response code: 530 for URL: https://geolite.maxmind.com/download/geoip/database/GeoLite2-Country.tar.gz
	at java.base/sun.net.www.protocol.http.HttpURLConnection.getInputStream0(HttpURLConnection.java:1919)
	at java.base/sun.net.www.protocol.http.HttpURLConnection.getInputStream(HttpURLConnection.java:1515)
	at java.base/java.net.HttpURLConnection.getResponseCode(HttpURLConnection.java:527)
	at java.base/sun.net.www.protocol.https.HttpsURLConnectionImpl.getResponseCode(HttpsURLConnectionImpl.java:334)
	at fr.xephi.authme.service.GeoIpService.downloadDatabaseArchive(GeoIpService.java:193)
	... 9 more

[01-06 15:39:20]: [INFO] AuthMe 5.6.0-SNAPSHOT-b2347 disabled!
[01-06 15:50:38]: [INFO] SQLite Setup finished
[01-06 15:50:38]: [INFO] Hooked into Vault!
[01-06 15:50:38]: [INFO] Hooked successfully into Essentials
[01-06 15:50:38]: [INFO] Hooked successfully into Multiverse-Core
[01-06 15:50:38]: [INFO] Essentials spawn file not found: '/Users/ryan/minecraft/paper-1.15.1-V1.4/plugins/Essentials/spawn.yml'
[01-06 15:50:38]: [WARN] WARNING! The protectInventory feature requires ProtocolLib! Disabling it...
[01-06 15:50:38]: [INFO] AuthMe 5.6.0-SNAPSHOT build n.2347 successfully enabled!
[01-06 15:50:39]: [INFO] Downloading GEO IP database, because the old database is older than 30 days or doesn't exist
[01-06 15:50:40]: [WARN] Could not download GeoLiteAPI database [IOException]: Server returned HTTP response code: 530 for URL: https://geolite.maxmind.com/download/geoip/database/GeoLite2-Country.tar.gz
[01-06 15:50:40]: java.io.IOException: Server returned HTTP response code: 530 for URL: https://geolite.maxmind.com/download/geoip/database/GeoLite2-Country.tar.gz
	at java.base/jdk.internal.reflect.NativeConstructorAccessorImpl.newInstance0(Native Method)
	at java.base/jdk.internal.reflect.NativeConstructorAccessorImpl.newInstance(NativeConstructorAccessorImpl.java:62)
	at java.base/jdk.internal.reflect.DelegatingConstructorAccessorImpl.newInstance(DelegatingConstructorAccessorImpl.java:45)
	at java.base/java.lang.reflect.Constructor.newInstance(Constructor.java:490)
	at java.base/sun.net.www.protocol.http.HttpURLConnection$10.run(HttpURLConnection.java:1969)
	at java.base/sun.net.www.protocol.http.HttpURLConnection$10.run(HttpURLConnection.java:1964)
	at java.base/java.security.AccessController.doPrivileged(AccessController.java:734)
	at java.base/sun.net.www.protocol.http.HttpURLConnection.getChainedException(HttpURLConnection.java:1963)
	at java.base/sun.net.www.protocol.http.HttpURLConnection.getInputStream0(HttpURLConnection.java:1531)
	at java.base/sun.net.www.protocol.http.HttpURLConnection.getInputStream(HttpURLConnection.java:1515)
	at java.base/sun.net.www.protocol.https.HttpsURLConnectionImpl.getInputStream(HttpsURLConnectionImpl.java:250)
	at fr.xephi.authme.service.GeoIpService.downloadDatabaseArchive(GeoIpService.java:199)
	at fr.xephi.authme.service.GeoIpService.downloadDatabaseArchive(GeoIpService.java:216)
	at fr.xephi.authme.service.GeoIpService.updateDatabase(GeoIpService.java:142)
	at fr.xephi.authme.service.GeoIpService$$Lambda$3091.0000000000000000.run(Unknown Source)
	at org.bukkit.craftbukkit.v1_15_R1.scheduler.CraftTask.run(CraftTask.java:84)
	at org.bukkit.craftbukkit.v1_15_R1.scheduler.CraftAsyncTask.run(CraftAsyncTask.java:54)
	at com.destroystokyo.paper.ServerSchedulerReportingWrapper.run(ServerSchedulerReportingWrapper.java:22)
	at java.base/java.util.concurrent.ThreadPoolExecutor.runWorker(ThreadPoolExecutor.java:1128)
	at java.base/java.util.concurrent.ThreadPoolExecutor$Worker.run(ThreadPoolExecutor.java:628)
	at java.base/java.lang.Thread.run(Thread.java:831)
Caused by: java.io.IOException: Server returned HTTP response code: 530 for URL: https://geolite.maxmind.com/download/geoip/database/GeoLite2-Country.tar.gz
	at java.base/sun.net.www.protocol.http.HttpURLConnection.getInputStream0(HttpURLConnection.java:1919)
	at java.base/sun.net.www.protocol.http.HttpURLConnection.getInputStream(HttpURLConnection.java:1515)
	at java.base/java.net.HttpURLConnection.getResponseCode(HttpURLConnection.java:527)
	at java.base/sun.net.www.protocol.https.HttpsURLConnectionImpl.getResponseCode(HttpsURLConnectionImpl.java:334)
	at fr.xephi.authme.service.GeoIpService.downloadDatabaseArchive(GeoIpService.java:193)
	... 9 more

[01-06 23:28:09]: [INFO] AuthMe 5.6.0-SNAPSHOT-b2347 disabled!
[01-07 13:20:48]: [INFO] SQLite Setup finished
[01-07 13:20:48]: [INFO] Hooked into Vault!
[01-07 13:20:48]: [INFO] Hooked successfully into Essentials
[01-07 13:20:48]: [INFO] Hooked successfully into Multiverse-Core
[01-07 13:20:48]: [INFO] Essentials spawn file not found: '/Users/ryan/minecraft/paper-1.15.1-V1.4/plugins/Essentials/spawn.yml'
[01-07 13:20:48]: [WARN] WARNING! The protectInventory feature requires ProtocolLib! Disabling it...
[01-07 13:20:48]: [INFO] AuthMe 5.6.0-SNAPSHOT build n.2347 successfully enabled!
[01-07 13:20:50]: [INFO] Downloading GEO IP database, because the old database is older than 30 days or doesn't exist
[01-07 13:20:51]: [WARN] Could not download GeoLiteAPI database [IOException]: Server returned HTTP response code: 530 for URL: https://geolite.maxmind.com/download/geoip/database/GeoLite2-Country.tar.gz
[01-07 13:20:51]: java.io.IOException: Server returned HTTP response code: 530 for URL: https://geolite.maxmind.com/download/geoip/database/GeoLite2-Country.tar.gz
	at java.base/jdk.internal.reflect.NativeConstructorAccessorImpl.newInstance0(Native Method)
	at java.base/jdk.internal.reflect.NativeConstructorAccessorImpl.newInstance(NativeConstructorAccessorImpl.java:62)
	at java.base/jdk.internal.reflect.DelegatingConstructorAccessorImpl.newInstance(DelegatingConstructorAccessorImpl.java:45)
	at java.base/java.lang.reflect.Constructor.newInstance(Constructor.java:490)
	at java.base/sun.net.www.protocol.http.HttpURLConnection$10.run(HttpURLConnection.java:1969)
	at java.base/sun.net.www.protocol.http.HttpURLConnection$10.run(HttpURLConnection.java:1964)
	at java.base/java.security.AccessController.doPrivileged(AccessController.java:734)
	at java.base/sun.net.www.protocol.http.HttpURLConnection.getChainedException(HttpURLConnection.java:1963)
	at java.base/sun.net.www.protocol.http.HttpURLConnection.getInputStream0(HttpURLConnection.java:1531)
	at java.base/sun.net.www.protocol.http.HttpURLConnection.getInputStream(HttpURLConnection.java:1515)
	at java.base/sun.net.www.protocol.https.HttpsURLConnectionImpl.getInputStream(HttpsURLConnectionImpl.java:250)
	at fr.xephi.authme.service.GeoIpService.downloadDatabaseArchive(GeoIpService.java:199)
	at fr.xephi.authme.service.GeoIpService.downloadDatabaseArchive(GeoIpService.java:216)
	at fr.xephi.authme.service.GeoIpService.updateDatabase(GeoIpService.java:142)
	at fr.xephi.authme.service.GeoIpService$$Lambda$3091.0000000000000000.run(Unknown Source)
	at org.bukkit.craftbukkit.v1_15_R1.scheduler.CraftTask.run(CraftTask.java:84)
	at org.bukkit.craftbukkit.v1_15_R1.scheduler.CraftAsyncTask.run(CraftAsyncTask.java:54)
	at com.destroystokyo.paper.ServerSchedulerReportingWrapper.run(ServerSchedulerReportingWrapper.java:22)
	at java.base/java.util.concurrent.ThreadPoolExecutor.runWorker(ThreadPoolExecutor.java:1128)
	at java.base/java.util.concurrent.ThreadPoolExecutor$Worker.run(ThreadPoolExecutor.java:628)
	at java.base/java.lang.Thread.run(Thread.java:831)
Caused by: java.io.IOException: Server returned HTTP response code: 530 for URL: https://geolite.maxmind.com/download/geoip/database/GeoLite2-Country.tar.gz
	at java.base/sun.net.www.protocol.http.HttpURLConnection.getInputStream0(HttpURLConnection.java:1919)
	at java.base/sun.net.www.protocol.http.HttpURLConnection.getInputStream(HttpURLConnection.java:1515)
	at java.base/java.net.HttpURLConnection.getResponseCode(HttpURLConnection.java:527)
	at java.base/sun.net.www.protocol.https.HttpsURLConnectionImpl.getResponseCode(HttpsURLConnectionImpl.java:334)
	at fr.xephi.authme.service.GeoIpService.downloadDatabaseArchive(GeoIpService.java:193)
	... 9 more

[01-07 19:15:01]: [FINE] Ryan logged in!
[01-07 19:18:09]: [FINE] liaopc registered 192.168.31.12
[01-07 19:18:09]: [FINE] liaopc logged in!
[01-07 19:28:27]: [FINE] swim logged in!
[01-07 19:30:31]: [FINE] liaopc logged in!
[01-07 19:38:52]: [FINE] lwd registered 10.10.30.231
[01-07 19:38:52]: [FINE] lwd logged in!
[01-07 19:52:29]: [FINE] lwd logged in!
[01-07 21:18:57]: [FINE] Ryan logged in!
[01-07 21:22:27]: [FINE] liaopc logged in!
[01-07 21:26:30]: [FINE] swim logged in!
[01-07 21:36:33]: [FINE] liaopc logged in!
[01-07 21:49:00]: [FINE] liaopc logged in!
[01-08 01:21:12]: [FINE] liaopc logged in!
[01-08 03:06:37]: [INFO] AuthMe 5.6.0-SNAPSHOT-b2347 disabled!
[01-08 13:14:11]: [INFO] SQLite Setup finished
[01-08 13:14:11]: [INFO] Hooked into Vault!
[01-08 13:14:12]: [INFO] Hooked successfully into Essentials
[01-08 13:14:12]: [INFO] Hooked successfully into Multiverse-Core
[01-08 13:14:12]: [INFO] Essentials spawn file not found: '/Users/ryan/minecraft/paper-1.15.1-V1.4/plugins/Essentials/spawn.yml'
[01-08 13:14:12]: [WARN] WARNING! The protectInventory feature requires ProtocolLib! Disabling it...
[01-08 13:14:12]: [INFO] AuthMe 5.6.0-SNAPSHOT build n.2347 successfully enabled!
[01-08 13:14:12]: [INFO] Downloading GEO IP database, because the old database is older than 30 days or doesn't exist
[01-08 13:14:13]: [WARN] Could not download GeoLiteAPI database [IOException]: Server returned HTTP response code: 530 for URL: https://geolite.maxmind.com/download/geoip/database/GeoLite2-Country.tar.gz
[01-08 13:14:13]: java.io.IOException: Server returned HTTP response code: 530 for URL: https://geolite.maxmind.com/download/geoip/database/GeoLite2-Country.tar.gz
	at java.base/jdk.internal.reflect.NativeConstructorAccessorImpl.newInstance0(Native Method)
	at java.base/jdk.internal.reflect.NativeConstructorAccessorImpl.newInstance(NativeConstructorAccessorImpl.java:62)
	at java.base/jdk.internal.reflect.DelegatingConstructorAccessorImpl.newInstance(DelegatingConstructorAccessorImpl.java:45)
	at java.base/java.lang.reflect.Constructor.newInstance(Constructor.java:490)
	at java.base/sun.net.www.protocol.http.HttpURLConnection$10.run(HttpURLConnection.java:1969)
	at java.base/sun.net.www.protocol.http.HttpURLConnection$10.run(HttpURLConnection.java:1964)
	at java.base/java.security.AccessController.doPrivileged(AccessController.java:734)
	at java.base/sun.net.www.protocol.http.HttpURLConnection.getChainedException(HttpURLConnection.java:1963)
	at java.base/sun.net.www.protocol.http.HttpURLConnection.getInputStream0(HttpURLConnection.java:1531)
	at java.base/sun.net.www.protocol.http.HttpURLConnection.getInputStream(HttpURLConnection.java:1515)
	at java.base/sun.net.www.protocol.https.HttpsURLConnectionImpl.getInputStream(HttpsURLConnectionImpl.java:250)
	at fr.xephi.authme.service.GeoIpService.downloadDatabaseArchive(GeoIpService.java:199)
	at fr.xephi.authme.service.GeoIpService.downloadDatabaseArchive(GeoIpService.java:216)
	at fr.xephi.authme.service.GeoIpService.updateDatabase(GeoIpService.java:142)
	at fr.xephi.authme.service.GeoIpService$$Lambda$3091.0000000000000000.run(Unknown Source)
	at org.bukkit.craftbukkit.v1_15_R1.scheduler.CraftTask.run(CraftTask.java:84)
	at org.bukkit.craftbukkit.v1_15_R1.scheduler.CraftAsyncTask.run(CraftAsyncTask.java:54)
	at com.destroystokyo.paper.ServerSchedulerReportingWrapper.run(ServerSchedulerReportingWrapper.java:22)
	at java.base/java.util.concurrent.ThreadPoolExecutor.runWorker(ThreadPoolExecutor.java:1128)
	at java.base/java.util.concurrent.ThreadPoolExecutor$Worker.run(ThreadPoolExecutor.java:628)
	at java.base/java.lang.Thread.run(Thread.java:831)
Caused by: java.io.IOException: Server returned HTTP response code: 530 for URL: https://geolite.maxmind.com/download/geoip/database/GeoLite2-Country.tar.gz
	at java.base/sun.net.www.protocol.http.HttpURLConnection.getInputStream0(HttpURLConnection.java:1919)
	at java.base/sun.net.www.protocol.http.HttpURLConnection.getInputStream(HttpURLConnection.java:1515)
	at java.base/java.net.HttpURLConnection.getResponseCode(HttpURLConnection.java:527)
	at java.base/sun.net.www.protocol.https.HttpsURLConnectionImpl.getResponseCode(HttpsURLConnectionImpl.java:334)
	at fr.xephi.authme.service.GeoIpService.downloadDatabaseArchive(GeoIpService.java:193)
	... 9 more

[01-10 01:03:44]: [INFO] AuthMe 5.6.0-SNAPSHOT-b2347 disabled!
[01-12 19:28:41]: [INFO] SQLite Setup finished
[01-12 19:28:41]: [INFO] Hooked into Vault!
[01-12 19:28:41]: [INFO] Hooked successfully into Essentials
[01-12 19:28:41]: [INFO] Hooked successfully into Multiverse-Core
[01-12 19:28:41]: [INFO] Essentials spawn file not found: '/root/minecraft/paper-1.15.1-V1.4/plugins/Essentials/spawn.yml'
[01-12 19:28:41]: [WARN] WARNING! The protectInventory feature requires ProtocolLib! Disabling it...
[01-12 19:28:41]: [INFO] AuthMe 5.6.0-SNAPSHOT build n.2347 successfully enabled!
[01-12 19:28:43]: [INFO] Downloading GEO IP database, because the old database is older than 30 days or doesn't exist
[01-12 19:28:44]: [WARN] Could not download GeoLiteAPI database [UnknownHostException]: geolite.maxmind.com
[01-12 19:28:44]: java.net.UnknownHostException: geolite.maxmind.com
	at java.base/sun.nio.ch.NioSocketImpl.connect(NioSocketImpl.java:567)
	at java.base/java.net.SocksSocketImpl.connect(SocksSocketImpl.java:339)
	at java.base/java.net.Socket.connect(Socket.java:603)
	at java.base/sun.security.ssl.SSLSocketImpl.connect(SSLSocketImpl.java:290)
	at java.base/sun.security.ssl.BaseSSLSocketImpl.connect(BaseSSLSocketImpl.java:173)
	at java.base/sun.net.NetworkClient.doConnect(NetworkClient.java:182)
	at java.base/sun.net.www.http.HttpClient.openServer(HttpClient.java:474)
	at java.base/sun.net.www.http.HttpClient.openServer(HttpClient.java:569)
	at java.base/sun.net.www.protocol.https.HttpsClient.<init>(HttpsClient.java:265)
	at java.base/sun.net.www.protocol.https.HttpsClient.New(HttpsClient.java:372)
	at java.base/sun.net.www.protocol.https.AbstractDelegateHttpsURLConnection.getNewHttpClient(AbstractDelegateHttpsURLConnection.java:177)
	at java.base/sun.net.www.protocol.http.HttpURLConnection.plainConnect0(HttpURLConnection.java:1187)
	at java.base/sun.net.www.protocol.http.HttpURLConnection.plainConnect(HttpURLConnection.java:1081)
	at java.base/sun.net.www.protocol.https.AbstractDelegateHttpsURLConnection.connect(AbstractDelegateHttpsURLConnection.java:163)
	at java.base/sun.net.www.protocol.http.HttpURLConnection.getInputStream0(HttpURLConnection.java:1587)
	at java.base/sun.net.www.protocol.http.HttpURLConnection.getInputStream(HttpURLConnection.java:1515)
	at java.base/java.net.HttpURLConnection.getResponseCode(HttpURLConnection.java:527)
	at java.base/sun.net.www.protocol.https.HttpsURLConnectionImpl.getResponseCode(HttpsURLConnectionImpl.java:308)
	at fr.xephi.authme.service.GeoIpService.downloadDatabaseArchive(GeoIpService.java:193)
	at fr.xephi.authme.service.GeoIpService.downloadDatabaseArchive(GeoIpService.java:216)
	at fr.xephi.authme.service.GeoIpService.updateDatabase(GeoIpService.java:142)
	at fr.xephi.authme.service.GeoIpService$$Lambda$2935.0000000000000000.run(Unknown Source)
	at org.bukkit.craftbukkit.v1_15_R1.scheduler.CraftTask.run(CraftTask.java:84)
	at org.bukkit.craftbukkit.v1_15_R1.scheduler.CraftAsyncTask.run(CraftAsyncTask.java:54)
	at com.destroystokyo.paper.ServerSchedulerReportingWrapper.run(ServerSchedulerReportingWrapper.java:22)
	at java.base/java.util.concurrent.ThreadPoolExecutor.runWorker(ThreadPoolExecutor.java:1128)
	at java.base/java.util.concurrent.ThreadPoolExecutor$Worker.run(ThreadPoolExecutor.java:628)
	at java.base/java.lang.Thread.run(Thread.java:831)

[01-12 19:32:35]: [FINE] Ryan logged in!
[01-12 19:51:11]: [FINE] Ryan logged in!
[01-12 20:21:10]: [FINE] Ryan logged in!
[01-13 01:01:44]: [INFO] AuthMe 5.6.0-SNAPSHOT-b2347 disabled!
[01-13 01:03:38]: [INFO] SQLite Setup finished
[01-13 01:03:39]: [INFO] Hooked into Vault!
[01-13 01:03:39]: [INFO] Hooked successfully into Essentials
[01-13 01:03:39]: [INFO] Hooked successfully into Multiverse-Core
[01-13 01:03:39]: [INFO] Essentials spawn file not found: '/root/minecraft/paper-1.15.1-V1.4/plugins/Essentials/spawn.yml'
[01-13 01:03:39]: [WARN] WARNING! The protectInventory feature requires ProtocolLib! Disabling it...
[01-13 01:03:39]: [INFO] AuthMe 5.6.0-SNAPSHOT build n.2347 successfully enabled!
[01-13 01:03:40]: [INFO] Downloading GEO IP database, because the old database is older than 30 days or doesn't exist
[01-13 01:03:40]: [WARN] Could not download GeoLiteAPI database [UnknownHostException]: geolite.maxmind.com
[01-13 01:03:40]: java.net.UnknownHostException: geolite.maxmind.com
	at java.base/sun.nio.ch.NioSocketImpl.connect(NioSocketImpl.java:567)
	at java.base/java.net.SocksSocketImpl.connect(SocksSocketImpl.java:339)
	at java.base/java.net.Socket.connect(Socket.java:603)
	at java.base/sun.security.ssl.SSLSocketImpl.connect(SSLSocketImpl.java:290)
	at java.base/sun.security.ssl.BaseSSLSocketImpl.connect(BaseSSLSocketImpl.java:173)
	at java.base/sun.net.NetworkClient.doConnect(NetworkClient.java:182)
	at java.base/sun.net.www.http.HttpClient.openServer(HttpClient.java:474)
	at java.base/sun.net.www.http.HttpClient.openServer(HttpClient.java:569)
	at java.base/sun.net.www.protocol.https.HttpsClient.<init>(HttpsClient.java:265)
	at java.base/sun.net.www.protocol.https.HttpsClient.New(HttpsClient.java:372)
	at java.base/sun.net.www.protocol.https.AbstractDelegateHttpsURLConnection.getNewHttpClient(AbstractDelegateHttpsURLConnection.java:177)
	at java.base/sun.net.www.protocol.http.HttpURLConnection.plainConnect0(HttpURLConnection.java:1187)
	at java.base/sun.net.www.protocol.http.HttpURLConnection.plainConnect(HttpURLConnection.java:1081)
	at java.base/sun.net.www.protocol.https.AbstractDelegateHttpsURLConnection.connect(AbstractDelegateHttpsURLConnection.java:163)
	at java.base/sun.net.www.protocol.http.HttpURLConnection.getInputStream0(HttpURLConnection.java:1587)
	at java.base/sun.net.www.protocol.http.HttpURLConnection.getInputStream(HttpURLConnection.java:1515)
	at java.base/java.net.HttpURLConnection.getResponseCode(HttpURLConnection.java:527)
	at java.base/sun.net.www.protocol.https.HttpsURLConnectionImpl.getResponseCode(HttpsURLConnectionImpl.java:308)
	at fr.xephi.authme.service.GeoIpService.downloadDatabaseArchive(GeoIpService.java:193)
	at fr.xephi.authme.service.GeoIpService.downloadDatabaseArchive(GeoIpService.java:216)
	at fr.xephi.authme.service.GeoIpService.updateDatabase(GeoIpService.java:142)
	at fr.xephi.authme.service.GeoIpService$$Lambda$2935.0000000000000000.run(Unknown Source)
	at org.bukkit.craftbukkit.v1_15_R1.scheduler.CraftTask.run(CraftTask.java:84)
	at org.bukkit.craftbukkit.v1_15_R1.scheduler.CraftAsyncTask.run(CraftAsyncTask.java:54)
	at com.destroystokyo.paper.ServerSchedulerReportingWrapper.run(ServerSchedulerReportingWrapper.java:22)
	at java.base/java.util.concurrent.ThreadPoolExecutor.runWorker(ThreadPoolExecutor.java:1128)
	at java.base/java.util.concurrent.ThreadPoolExecutor$Worker.run(ThreadPoolExecutor.java:628)
	at java.base/java.lang.Thread.run(Thread.java:831)

[01-19 17:11:18]: [FINE] Ryan logged in!
[01-22 01:44:50]: [FINE] Ryan logged in!
[01-26 23:25:45]: [FINE] Ryan logged in!
[01-26 23:56:46]: [FINE] Ryan logged in!
[01-27 00:37:39]: [FINE] Ryan logged in!
[01-28 00:27:54]: [FINE] Ryan logged in!
[01-28 01:34:30]: [FINE] Ryan logged in!
[01-28 01:40:46]: [FINE] Spark registered 111.58.244.208
[01-28 01:40:46]: [FINE] Spark logged in!
[01-28 02:24:31]: [FINE] Marlon registered 180.137.100.60
[01-28 02:24:31]: [FINE] Marlon logged in!
[01-28 02:54:08]: [FINE] Ryan logged in!
[01-28 13:35:44]: [FINE] Ryan logged in!
[01-28 13:51:35]: [FINE] Spark logged in!
[01-28 14:40:33]: [FINE] Spark logged in!
[01-28 15:32:42]: [FINE] Spark logged in!
[01-28 15:57:41]: [FINE] Spark logged in!
[01-28 16:40:12]: [FINE] Spark logged in!
[01-28 16:41:17]: [INFO] AuthMe 5.6.0-SNAPSHOT-b2347 disabled!
[01-28 16:44:16]: [INFO] SQLite Setup finished
[01-28 16:44:17]: [INFO] Hooked into Vault!
[01-28 16:44:17]: [INFO] Hooked successfully into Essentials
[01-28 16:44:17]: [INFO] Hooked successfully into Multiverse-Core
[01-28 16:44:17]: [INFO] Essentials spawn file not found: '/root/minecraft/paper-1.15.1-V1.4/plugins/Essentials/spawn.yml'
[01-28 16:44:17]: [WARN] WARNING! The protectInventory feature requires ProtocolLib! Disabling it...
[01-28 16:44:18]: [INFO] AuthMe 5.6.0-SNAPSHOT build n.2347 successfully enabled!
[01-28 16:44:20]: [INFO] Downloading GEO IP database, because the old database is older than 30 days or doesn't exist
[01-28 16:44:24]: [WARN] Could not download GeoLiteAPI database [UnknownHostException]: geolite.maxmind.com
[01-28 16:44:24]: java.net.UnknownHostException: geolite.maxmind.com
	at java.base/sun.nio.ch.NioSocketImpl.connect(NioSocketImpl.java:567)
	at java.base/java.net.SocksSocketImpl.connect(SocksSocketImpl.java:339)
	at java.base/java.net.Socket.connect(Socket.java:603)
	at java.base/sun.security.ssl.SSLSocketImpl.connect(SSLSocketImpl.java:290)
	at java.base/sun.security.ssl.BaseSSLSocketImpl.connect(BaseSSLSocketImpl.java:173)
	at java.base/sun.net.NetworkClient.doConnect(NetworkClient.java:182)
	at java.base/sun.net.www.http.HttpClient.openServer(HttpClient.java:474)
	at java.base/sun.net.www.http.HttpClient.openServer(HttpClient.java:569)
	at java.base/sun.net.www.protocol.https.HttpsClient.<init>(HttpsClient.java:265)
	at java.base/sun.net.www.protocol.https.HttpsClient.New(HttpsClient.java:372)
	at java.base/sun.net.www.protocol.https.AbstractDelegateHttpsURLConnection.getNewHttpClient(AbstractDelegateHttpsURLConnection.java:177)
	at java.base/sun.net.www.protocol.http.HttpURLConnection.plainConnect0(HttpURLConnection.java:1187)
	at java.base/sun.net.www.protocol.http.HttpURLConnection.plainConnect(HttpURLConnection.java:1081)
	at java.base/sun.net.www.protocol.https.AbstractDelegateHttpsURLConnection.connect(AbstractDelegateHttpsURLConnection.java:163)
	at java.base/sun.net.www.protocol.http.HttpURLConnection.getInputStream0(HttpURLConnection.java:1587)
	at java.base/sun.net.www.protocol.http.HttpURLConnection.getInputStream(HttpURLConnection.java:1515)
	at java.base/java.net.HttpURLConnection.getResponseCode(HttpURLConnection.java:527)
	at java.base/sun.net.www.protocol.https.HttpsURLConnectionImpl.getResponseCode(HttpsURLConnectionImpl.java:308)
	at fr.xephi.authme.service.GeoIpService.downloadDatabaseArchive(GeoIpService.java:193)
	at fr.xephi.authme.service.GeoIpService.downloadDatabaseArchive(GeoIpService.java:216)
	at fr.xephi.authme.service.GeoIpService.updateDatabase(GeoIpService.java:142)
	at fr.xephi.authme.service.GeoIpService$$Lambda$2942/0000000000000000.run(Unknown Source)
	at org.bukkit.craftbukkit.v1_15_R1.scheduler.CraftTask.run(CraftTask.java:84)
	at org.bukkit.craftbukkit.v1_15_R1.scheduler.CraftAsyncTask.run(CraftAsyncTask.java:54)
	at com.destroystokyo.paper.ServerSchedulerReportingWrapper.run(ServerSchedulerReportingWrapper.java:22)
	at java.base/java.util.concurrent.ThreadPoolExecutor.runWorker(ThreadPoolExecutor.java:1128)
	at java.base/java.util.concurrent.ThreadPoolExecutor$Worker.run(ThreadPoolExecutor.java:628)
	at java.base/java.lang.Thread.run(Thread.java:847)

[01-28 16:45:44]: [FINE] Spark logged in!
[01-28 16:52:47]: [FINE] Ryan logged in!
[01-28 18:04:42]: [FINE] Marlon logged in!
[01-28 20:06:47]: [FINE] Marlon logged in!
[01-29 00:09:23]: [FINE] Spark logged in!
[01-29 01:48:53]: [FINE] Spark logged in!
[01-29 01:56:51]: [FINE] Marlon logged in!
[01-29 02:20:12]: [FINE] Ryan logged in!
[01-29 14:51:53]: [FINE] Ryan logged in!
[01-29 15:42:23]: [FINE] Ryan logged in!
[01-29 16:50:29]: [FINE] qwertyuiop registered 116.252.14.88
[01-29 16:50:29]: [FINE] qwertyuiop logged in!
[01-29 16:51:49]: [FINE] Spark logged in!
[01-29 18:24:43]: [FINE] Spark logged in!
[01-29 19:43:33]: [FINE] Spark logged in!
[01-30 00:00:35]: [FINE] Ryan logged in!
[01-30 00:08:40]: [FINE] Marlon logged in!
[01-30 00:10:56]: [FINE] Ryan logged in!
[01-30 00:28:44]: [FINE] Spark logged in!
[01-30 00:34:40]: [FINE] Ryan logged in!
[01-30 01:03:15]: [FINE] Marlon logged in!
[01-30 14:28:07]: [FINE] Spark logged in!
[01-30 16:41:14]: [FINE] Ryan logged in!
[01-30 18:11:27]: [FINE] Ryan logged in!
[01-30 21:14:26]: [FINE] Ryan logged in!
[01-30 23:05:18]: [FINE] Spark logged in!
[01-30 23:07:26]: [FINE] Spark logged in!
[01-31 00:27:17]: [FINE] Ryan logged in!
[01-31 01:53:45]: [FINE] Spark logged in!
[01-31 01:54:04]: [FINE] Spark logged in!
[01-31 14:36:53]: [FINE] Marlon logged in!
[01-31 15:20:49]: [FINE] Spark logged in!
[01-31 21:31:37]: [FINE] lwd used the wrong password
[01-31 21:32:09]: [FINE] lwd used the wrong password
[01-31 21:32:39]: [FINE] lwd used the wrong password
[01-31 21:33:08]: [FINE] lwd used the wrong password
[01-31 21:33:56]: [FINE] lwd used the wrong password
[01-31 21:34:08]: [FINE] lwd used the wrong password
[01-31 21:34:40]: [FINE] lwd used the wrong password
[01-31 21:34:51]: [FINE] lwd used the wrong password
[01-31 21:34:59]: [FINE] lwd used the wrong password
[01-31 21:35:42]: [FINE] lwd used the wrong password
[01-31 21:35:58]: [FINE] lwd used the wrong password
[01-31 21:36:12]: [FINE] lwd used the wrong password
[01-31 21:36:50]: [FINE] lwd used the wrong password
[01-31 21:37:05]: [FINE] lwd used the wrong password
[01-31 21:38:02]: [FINE] lwd used the wrong password
[01-31 21:41:57]: [FINE] lwd used the wrong password
[01-31 21:42:15]: [FINE] lwd used the wrong password
[01-31 21:42:35]: [FINE] lwd used the wrong password
[01-31 21:43:15]: [FINE] lwd used the wrong password
[01-31 21:43:26]: [FINE] lwd used the wrong password
[01-31 21:43:45]: [FINE] lwd used the wrong password
[01-31 21:43:54]: [FINE] lwd used the wrong password
[01-31 21:44:07]: [FINE] lwd used the wrong password
[01-31 21:44:19]: [FINE] lwd used the wrong password
[01-31 21:44:30]: [FINE] lwd used the wrong password
[01-31 21:59:37]: [FINE] Ryan logged in!
[01-31 22:01:47]: [INFO] AuthMe 5.6.0-SNAPSHOT-b2347 disabled!
[01-31 22:03:53]: [INFO] SQLite Setup finished
[01-31 22:03:53]: [INFO] Hooked into Vault!
[01-31 22:03:53]: [INFO] Hooked successfully into Essentials
[01-31 22:03:53]: [INFO] Hooked successfully into Multiverse-Core
[01-31 22:03:53]: [INFO] Essentials spawn file not found: '/root/minecraft/paper-1.15.1-V1.4/plugins/Essentials/spawn.yml'
[01-31 22:03:53]: [WARN] WARNING! The protectInventory feature requires ProtocolLib! Disabling it...
[01-31 22:03:54]: [INFO] AuthMe 5.6.0-SNAPSHOT build n.2347 successfully enabled!
[01-31 22:03:55]: [INFO] Downloading GEO IP database, because the old database is older than 30 days or doesn't exist
[01-31 22:03:56]: [WARN] Could not download GeoLiteAPI database [UnknownHostException]: geolite.maxmind.com
[01-31 22:03:57]: java.net.UnknownHostException: geolite.maxmind.com
	at java.base/sun.nio.ch.NioSocketImpl.connect(NioSocketImpl.java:567)
	at java.base/java.net.SocksSocketImpl.connect(SocksSocketImpl.java:339)
	at java.base/java.net.Socket.connect(Socket.java:603)
	at java.base/sun.security.ssl.SSLSocketImpl.connect(SSLSocketImpl.java:290)
	at java.base/sun.security.ssl.BaseSSLSocketImpl.connect(BaseSSLSocketImpl.java:173)
	at java.base/sun.net.NetworkClient.doConnect(NetworkClient.java:182)
	at java.base/sun.net.www.http.HttpClient.openServer(HttpClient.java:474)
	at java.base/sun.net.www.http.HttpClient.openServer(HttpClient.java:569)
	at java.base/sun.net.www.protocol.https.HttpsClient.<init>(HttpsClient.java:265)
	at java.base/sun.net.www.protocol.https.HttpsClient.New(HttpsClient.java:372)
	at java.base/sun.net.www.protocol.https.AbstractDelegateHttpsURLConnection.getNewHttpClient(AbstractDelegateHttpsURLConnection.java:177)
	at java.base/sun.net.www.protocol.http.HttpURLConnection.plainConnect0(HttpURLConnection.java:1187)
	at java.base/sun.net.www.protocol.http.HttpURLConnection.plainConnect(HttpURLConnection.java:1081)
	at java.base/sun.net.www.protocol.https.AbstractDelegateHttpsURLConnection.connect(AbstractDelegateHttpsURLConnection.java:163)
	at java.base/sun.net.www.protocol.http.HttpURLConnection.getInputStream0(HttpURLConnection.java:1587)
	at java.base/sun.net.www.protocol.http.HttpURLConnection.getInputStream(HttpURLConnection.java:1515)
	at java.base/java.net.HttpURLConnection.getResponseCode(HttpURLConnection.java:527)
	at java.base/sun.net.www.protocol.https.HttpsURLConnectionImpl.getResponseCode(HttpsURLConnectionImpl.java:308)
	at fr.xephi.authme.service.GeoIpService.downloadDatabaseArchive(GeoIpService.java:193)
	at fr.xephi.authme.service.GeoIpService.downloadDatabaseArchive(GeoIpService.java:216)
	at fr.xephi.authme.service.GeoIpService.updateDatabase(GeoIpService.java:142)
	at fr.xephi.authme.service.GeoIpService$$Lambda$2942/0000000000000000.run(Unknown Source)
	at org.bukkit.craftbukkit.v1_15_R1.scheduler.CraftTask.run(CraftTask.java:84)
	at org.bukkit.craftbukkit.v1_15_R1.scheduler.CraftAsyncTask.run(CraftAsyncTask.java:54)
	at com.destroystokyo.paper.ServerSchedulerReportingWrapper.run(ServerSchedulerReportingWrapper.java:22)
	at java.base/java.util.concurrent.ThreadPoolExecutor.runWorker(ThreadPoolExecutor.java:1128)
	at java.base/java.util.concurrent.ThreadPoolExecutor$Worker.run(ThreadPoolExecutor.java:628)
	at java.base/java.lang.Thread.run(Thread.java:847)

[01-31 22:04:51]: [FINE] Ryan logged in!
[01-31 22:05:05]: [INFO] CONSOLE changed password of lwd
[01-31 22:05:56]: [FINE] lwd logged in!
[01-31 23:06:34]: [FINE] lwd logged in!
[02-01 00:25:25]: [FINE] Spark logged in!
[02-01 03:15:46]: [FINE] Spark logged in!
[02-01 13:07:01]: [FINE] Spark logged in!
[02-02 02:05:45]: [FINE] Spark logged in!
[02-02 03:03:23]: [FINE] Ryan logged in!
[02-02 03:07:08]: [FINE] Spark logged in!
[02-02 14:15:08]: [FINE] Ryan logged in!
[02-02 15:12:51]: [INFO] SQLite Setup finished
[02-02 15:12:51]: [INFO] Hooked into Vault!
[02-02 15:12:51]: [INFO] Hooked successfully into Essentials
[02-02 15:12:51]: [INFO] Hooked successfully into Multiverse-Core
[02-02 15:12:51]: [INFO] Essentials spawn file not found: '/root/minecraft/paper-1.15.1-V1.4/plugins/Essentials/spawn.yml'
[02-02 15:12:51]: [WARN] WARNING! The protectInventory feature requires ProtocolLib! Disabling it...
[02-02 15:12:51]: [INFO] AuthMe 5.6.0-SNAPSHOT build n.2347 successfully enabled!
[02-02 15:12:52]: [INFO] Downloading GEO IP database, because the old database is older than 30 days or doesn't exist
[02-02 15:12:57]: [WARN] Could not download GeoLiteAPI database [UnknownHostException]: geolite.maxmind.com
[02-02 15:12:57]: java.net.UnknownHostException: geolite.maxmind.com
	at java.base/sun.nio.ch.NioSocketImpl.connect(NioSocketImpl.java:567)
	at java.base/java.net.SocksSocketImpl.connect(SocksSocketImpl.java:339)
	at java.base/java.net.Socket.connect(Socket.java:603)
	at java.base/sun.security.ssl.SSLSocketImpl.connect(SSLSocketImpl.java:290)
	at java.base/sun.security.ssl.BaseSSLSocketImpl.connect(BaseSSLSocketImpl.java:173)
	at java.base/sun.net.NetworkClient.doConnect(NetworkClient.java:182)
	at java.base/sun.net.www.http.HttpClient.openServer(HttpClient.java:474)
	at java.base/sun.net.www.http.HttpClient.openServer(HttpClient.java:569)
	at java.base/sun.net.www.protocol.https.HttpsClient.<init>(HttpsClient.java:265)
	at java.base/sun.net.www.protocol.https.HttpsClient.New(HttpsClient.java:372)
	at java.base/sun.net.www.protocol.https.AbstractDelegateHttpsURLConnection.getNewHttpClient(AbstractDelegateHttpsURLConnection.java:177)
	at java.base/sun.net.www.protocol.http.HttpURLConnection.plainConnect0(HttpURLConnection.java:1187)
	at java.base/sun.net.www.protocol.http.HttpURLConnection.plainConnect(HttpURLConnection.java:1081)
	at java.base/sun.net.www.protocol.https.AbstractDelegateHttpsURLConnection.connect(AbstractDelegateHttpsURLConnection.java:163)
	at java.base/sun.net.www.protocol.http.HttpURLConnection.getInputStream0(HttpURLConnection.java:1587)
	at java.base/sun.net.www.protocol.http.HttpURLConnection.getInputStream(HttpURLConnection.java:1515)
	at java.base/java.net.HttpURLConnection.getResponseCode(HttpURLConnection.java:527)
	at java.base/sun.net.www.protocol.https.HttpsURLConnectionImpl.getResponseCode(HttpsURLConnectionImpl.java:308)
	at fr.xephi.authme.service.GeoIpService.downloadDatabaseArchive(GeoIpService.java:193)
	at fr.xephi.authme.service.GeoIpService.downloadDatabaseArchive(GeoIpService.java:216)
	at fr.xephi.authme.service.GeoIpService.updateDatabase(GeoIpService.java:142)
	at fr.xephi.authme.service.GeoIpService$$Lambda$2942/0000000000000000.run(Unknown Source)
	at org.bukkit.craftbukkit.v1_15_R1.scheduler.CraftTask.run(CraftTask.java:84)
	at org.bukkit.craftbukkit.v1_15_R1.scheduler.CraftAsyncTask.run(CraftAsyncTask.java:54)
	at com.destroystokyo.paper.ServerSchedulerReportingWrapper.run(ServerSchedulerReportingWrapper.java:22)
	at java.base/java.util.concurrent.ThreadPoolExecutor.runWorker(ThreadPoolExecutor.java:1128)
	at java.base/java.util.concurrent.ThreadPoolExecutor$Worker.run(ThreadPoolExecutor.java:628)
	at java.base/java.lang.Thread.run(Thread.java:847)

[02-02 15:14:18]: [FINE] Ryan logged in!
[02-02 15:15:18]: [INFO] AuthMe 5.6.0-SNAPSHOT-b2347 disabled!
[02-02 15:17:33]: [INFO] SQLite Setup finished
[02-02 15:17:33]: [INFO] Hooked into Vault!
[02-02 15:17:33]: [INFO] Hooked successfully into Essentials
[02-02 15:17:33]: [INFO] Hooked successfully into Multiverse-Core
[02-02 15:17:33]: [INFO] Essentials spawn file not found: '/root/minecraft/paper-1.15.1-V1.4/plugins/Essentials/spawn.yml'
[02-02 15:17:33]: [WARN] WARNING! The protectInventory feature requires ProtocolLib! Disabling it...
[02-02 15:17:34]: [INFO] AuthMe 5.6.0-SNAPSHOT build n.2347 successfully enabled!
[02-02 15:17:36]: [INFO] Downloading GEO IP database, because the old database is older than 30 days or doesn't exist
[02-02 15:17:37]: [WARN] Could not download GeoLiteAPI database [UnknownHostException]: geolite.maxmind.com
[02-02 15:17:37]: java.net.UnknownHostException: geolite.maxmind.com
	at java.base/sun.nio.ch.NioSocketImpl.connect(NioSocketImpl.java:567)
	at java.base/java.net.SocksSocketImpl.connect(SocksSocketImpl.java:339)
	at java.base/java.net.Socket.connect(Socket.java:603)
	at java.base/sun.security.ssl.SSLSocketImpl.connect(SSLSocketImpl.java:290)
	at java.base/sun.security.ssl.BaseSSLSocketImpl.connect(BaseSSLSocketImpl.java:173)
	at java.base/sun.net.NetworkClient.doConnect(NetworkClient.java:182)
	at java.base/sun.net.www.http.HttpClient.openServer(HttpClient.java:474)
	at java.base/sun.net.www.http.HttpClient.openServer(HttpClient.java:569)
	at java.base/sun.net.www.protocol.https.HttpsClient.<init>(HttpsClient.java:265)
	at java.base/sun.net.www.protocol.https.HttpsClient.New(HttpsClient.java:372)
	at java.base/sun.net.www.protocol.https.AbstractDelegateHttpsURLConnection.getNewHttpClient(AbstractDelegateHttpsURLConnection.java:177)
	at java.base/sun.net.www.protocol.http.HttpURLConnection.plainConnect0(HttpURLConnection.java:1187)
	at java.base/sun.net.www.protocol.http.HttpURLConnection.plainConnect(HttpURLConnection.java:1081)
	at java.base/sun.net.www.protocol.https.AbstractDelegateHttpsURLConnection.connect(AbstractDelegateHttpsURLConnection.java:163)
	at java.base/sun.net.www.protocol.http.HttpURLConnection.getInputStream0(HttpURLConnection.java:1587)
	at java.base/sun.net.www.protocol.http.HttpURLConnection.getInputStream(HttpURLConnection.java:1515)
	at java.base/java.net.HttpURLConnection.getResponseCode(HttpURLConnection.java:527)
	at java.base/sun.net.www.protocol.https.HttpsURLConnectionImpl.getResponseCode(HttpsURLConnectionImpl.java:308)
	at fr.xephi.authme.service.GeoIpService.downloadDatabaseArchive(GeoIpService.java:193)
	at fr.xephi.authme.service.GeoIpService.downloadDatabaseArchive(GeoIpService.java:216)
	at fr.xephi.authme.service.GeoIpService.updateDatabase(GeoIpService.java:142)
	at fr.xephi.authme.service.GeoIpService$$Lambda$2942/0000000000000000.run(Unknown Source)
	at org.bukkit.craftbukkit.v1_15_R1.scheduler.CraftTask.run(CraftTask.java:84)
	at org.bukkit.craftbukkit.v1_15_R1.scheduler.CraftAsyncTask.run(CraftAsyncTask.java:54)
	at com.destroystokyo.paper.ServerSchedulerReportingWrapper.run(ServerSchedulerReportingWrapper.java:22)
	at java.base/java.util.concurrent.ThreadPoolExecutor.runWorker(ThreadPoolExecutor.java:1128)
	at java.base/java.util.concurrent.ThreadPoolExecutor$Worker.run(ThreadPoolExecutor.java:628)
	at java.base/java.lang.Thread.run(Thread.java:847)

[02-02 15:18:03]: [FINE] Ryan logged in!
[02-02 15:25:52]: [FINE] Spark logged in!
[02-03 01:37:41]: [FINE] Spark logged in!
[02-03 02:33:17]: [FINE] Spark logged in!
[02-04 03:29:24]: [FINE] Spark logged in!
[02-04 16:52:28]: [FINE] Ryan logged in!
[02-04 17:25:25]: [FINE] Spark logged in!
[02-04 17:50:27]: [FINE] Ryan logged in!
[02-04 21:45:17]: [FINE] Ryan logged in!
[02-05 00:12:27]: [FINE] Ryan logged in!
[02-05 01:42:36]: [FINE] Ryan logged in!
[02-05 15:11:21]: [FINE] Spark logged in!
[02-05 17:36:53]: [FINE] Ryan logged in!
[02-05 17:59:03]: [FINE] Spark logged in!
[02-05 18:19:21]: [FINE] Ryan logged in!
[02-05 18:50:50]: [FINE] Spark logged in!
[02-05 23:45:37]: [FINE] Spark logged in!
[02-06 14:19:02]: [FINE] Spark logged in!
[02-06 18:50:10]: [FINE] Ryan logged in!
[02-07 01:02:02]: [FINE] Ryan logged in!
[02-07 17:46:08]: [FINE] Ryan logged in!
[02-07 18:02:05]: [FINE] Spark logged in!
[02-08 18:58:23]: [FINE] Spark logged in!
[02-09 02:26:41]: [FINE] Spark logged in!
[02-09 15:06:25]: [FINE] Spark logged in!
[02-10 19:06:56]: [FINE] Spark logged in!
[02-11 13:52:32]: [FINE] Spark logged in!
[02-11 13:58:31]: [FINE] Spark logged in!
[02-11 15:46:15]: [FINE] Ryan used the wrong password
[02-11 15:46:23]: [FINE] Ryan logged in!
[02-12 01:20:05]: [FINE] Spark logged in!
[02-12 01:20:50]: [FINE] Spark logged in!
[02-12 15:32:40]: [FINE] Spark logged in!
[02-13 15:40:34]: [INFO] AuthMe 5.6.0-SNAPSHOT-b2347 disabled!
[02-13 15:42:46]: [INFO] SQLite Setup finished
[02-13 15:42:46]: [INFO] Hooked into Vault!
[02-13 15:42:46]: [INFO] Hooked successfully into Essentials
[02-13 15:42:46]: [INFO] Hooked successfully into Multiverse-Core
[02-13 15:42:46]: [INFO] Essentials spawn file not found: '/root/minecraft/paper-1.15.1-V1.4/plugins/Essentials/spawn.yml'
[02-13 15:42:47]: [WARN] WARNING! The protectInventory feature requires ProtocolLib! Disabling it...
[02-13 15:42:47]: [INFO] AuthMe 5.6.0-SNAPSHOT build n.2347 successfully enabled!
[02-13 15:42:48]: [INFO] Downloading GEO IP database, because the old database is older than 30 days or doesn't exist
[02-13 15:42:50]: [WARN] Could not download GeoLiteAPI database [UnknownHostException]: geolite.maxmind.com
[02-13 15:42:50]: java.net.UnknownHostException: geolite.maxmind.com
	at java.base/sun.nio.ch.NioSocketImpl.connect(NioSocketImpl.java:567)
	at java.base/java.net.SocksSocketImpl.connect(SocksSocketImpl.java:339)
	at java.base/java.net.Socket.connect(Socket.java:603)
	at java.base/sun.security.ssl.SSLSocketImpl.connect(SSLSocketImpl.java:290)
	at java.base/sun.security.ssl.BaseSSLSocketImpl.connect(BaseSSLSocketImpl.java:173)
	at java.base/sun.net.NetworkClient.doConnect(NetworkClient.java:182)
	at java.base/sun.net.www.http.HttpClient.openServer(HttpClient.java:474)
	at java.base/sun.net.www.http.HttpClient.openServer(HttpClient.java:569)
	at java.base/sun.net.www.protocol.https.HttpsClient.<init>(HttpsClient.java:265)
	at java.base/sun.net.www.protocol.https.HttpsClient.New(HttpsClient.java:372)
	at java.base/sun.net.www.protocol.https.AbstractDelegateHttpsURLConnection.getNewHttpClient(AbstractDelegateHttpsURLConnection.java:177)
	at java.base/sun.net.www.protocol.http.HttpURLConnection.plainConnect0(HttpURLConnection.java:1187)
	at java.base/sun.net.www.protocol.http.HttpURLConnection.plainConnect(HttpURLConnection.java:1081)
	at java.base/sun.net.www.protocol.https.AbstractDelegateHttpsURLConnection.connect(AbstractDelegateHttpsURLConnection.java:163)
	at java.base/sun.net.www.protocol.http.HttpURLConnection.getInputStream0(HttpURLConnection.java:1587)
	at java.base/sun.net.www.protocol.http.HttpURLConnection.getInputStream(HttpURLConnection.java:1515)
	at java.base/java.net.HttpURLConnection.getResponseCode(HttpURLConnection.java:527)
	at java.base/sun.net.www.protocol.https.HttpsURLConnectionImpl.getResponseCode(HttpsURLConnectionImpl.java:308)
	at fr.xephi.authme.service.GeoIpService.downloadDatabaseArchive(GeoIpService.java:193)
	at fr.xephi.authme.service.GeoIpService.downloadDatabaseArchive(GeoIpService.java:216)
	at fr.xephi.authme.service.GeoIpService.updateDatabase(GeoIpService.java:142)
	at fr.xephi.authme.service.GeoIpService$$Lambda$2942/0000000000000000.run(Unknown Source)
	at org.bukkit.craftbukkit.v1_15_R1.scheduler.CraftTask.run(CraftTask.java:84)
	at org.bukkit.craftbukkit.v1_15_R1.scheduler.CraftAsyncTask.run(CraftAsyncTask.java:54)
	at com.destroystokyo.paper.ServerSchedulerReportingWrapper.run(ServerSchedulerReportingWrapper.java:22)
	at java.base/java.util.concurrent.ThreadPoolExecutor.runWorker(ThreadPoolExecutor.java:1128)
	at java.base/java.util.concurrent.ThreadPoolExecutor$Worker.run(ThreadPoolExecutor.java:628)
	at java.base/java.lang.Thread.run(Thread.java:847)

[02-13 16:19:10]: [FINE] Marlon logged in!
[02-13 16:26:42]: [FINE] Spark logged in!
[02-13 16:32:31]: [FINE] Spark logged in!
[02-13 17:09:40]: [FINE] Ryan logged in!
[02-13 19:08:30]: [FINE] Spark logged in!
[02-13 19:09:59]: [FINE] Spark logged in!
[02-13 19:11:32]: [FINE] Spark logged in!
[02-13 19:12:55]: [FINE] Spark logged in!
[02-13 19:13:58]: [FINE] Spark logged in!
[02-13 19:15:51]: [FINE] Spark logged in!
[02-13 19:35:26]: [FINE] Spark logged in!
[02-13 19:41:42]: [FINE] Spark logged in!
[02-14 15:41:19]: [FINE] Spark logged in!
[02-14 19:57:37]: [FINE] Spark logged in!
[02-15 18:03:18]: [FINE] Marlon logged in!
[02-15 18:39:43]: [FINE] Spark logged in!
[02-16 14:40:00]: [FINE] Spark logged in!
[02-16 14:48:01]: [FINE] Spark logged in!
[02-16 14:50:32]: [FINE] Spark logged in!
[02-17 17:31:19]: [FINE] Spark logged in!
[02-17 18:35:17]: [FINE] Spark logged in!
[02-17 22:58:45]: [FINE] Spark logged in!
[02-18 16:46:13]: [FINE] Spark logged in!
[02-19 01:35:16]: [FINE] Ryan logged in!
[02-19 14:52:40]: [FINE] Spark logged in!
[02-19 15:17:13]: [FINE] Spark logged in!
[02-19 15:20:06]: [FINE] Spark logged in!
[02-19 15:22:07]: [FINE] Spark logged in!
[02-19 15:50:17]: [FINE] Spark logged in!
[02-19 15:51:19]: [FINE] Spark used the wrong password
[02-19 15:51:28]: [FINE] Spark logged in!
[02-19 15:52:11]: [FINE] Spark logged in!
[02-19 16:43:50]: [FINE] Spark logged in!
[02-19 17:32:12]: [FINE] Ryan logged in!
[02-19 23:57:15]: [FINE] Spark logged in!
[02-20 21:38:15]: [FINE] Spark used the wrong password
[02-20 21:38:27]: [FINE] Spark logged in!
[02-21 02:49:37]: [FINE] Ryan logged in!
[02-21 14:35:55]: [FINE] Ryan logged in!
[02-21 19:17:44]: [FINE] Spark logged in!
[02-21 19:56:18]: [FINE] Ryan logged in!
[02-22 00:05:38]: [FINE] Spark logged in!
[02-22 17:40:47]: [FINE] Ryan logged in!
[02-22 18:00:16]: [FINE] Spark logged in!
[02-23 00:09:26]: [FINE] Spark logged in!
[02-23 16:59:32]: [FINE] Ryan logged in!
[02-23 18:03:12]: [FINE] Spark logged in!
[02-23 18:47:26]: [FINE] Spark logged in!
[02-24 16:46:29]: [FINE] Spark logged in!
[02-24 19:31:03]: [FINE] Spark logged in!
[02-25 00:11:48]: [FINE] Spark logged in!
[02-25 12:48:10]: [FINE] Ryan logged in!
[02-25 15:55:46]: [FINE] Spark logged in!
[02-26 00:15:40]: [FINE] Spark used the wrong password
[02-26 00:15:49]: [FINE] Spark logged in!
[02-26 18:37:55]: [FINE] Spark logged in!
[02-26 18:39:52]: [FINE] Spark logged in!
[02-27 00:30:04]: [FINE] Spark logged in!
[02-27 13:47:35]: [FINE] Ryan logged in!
[02-27 19:02:26]: [FINE] liaopc logged in!
[02-27 19:06:57]: [FINE] liaopc logged in!
[02-27 21:40:42]: [FINE] Spark logged in!
