[00:30:07] [User Authenticator #11/INFO]: UUID of player Ryan is 9387eaef-0e77-38c7-ab30-0a74e6b7dc95
[00:30:07] [Server thread/INFO]: Ryan[/127.0.0.1:19872] logged in with entity id 25589 at ([world_nether]-475.60380772158953, 128.0, -12.153868126263932)
[00:30:08] [Craft Scheduler Thread - 2620/INFO]: Failed to check for Residence update on spigot web page.
[00:30:12] [Craft Scheduler Thread - 2616/INFO]: [AuthMe] The user Ryan has 2 accounts:
[00:30:12] [Craft Scheduler Thread - 2616/INFO]: [AuthMe] Ryan, spark.
[00:30:12] [Craft Scheduler Thread - 2616/INFO]: [AuthMe] Ryan logged in!
[00:30:27] [Server thread/INFO]: Ryan issued server command: /gamemode creative
[00:31:31] [Server thread/INFO]: Ryan issued server command: //wand
[00:32:17] [Server thread/INFO]: Ryan issued server command: //set minecraft:blue_ice
[00:32:26] [Server thread/INFO]: Ryan issued server command: //undo
[00:32:30] [Server thread/INFO]: Ryan issued server command: //undo
[00:32:41] [Server thread/INFO]: Ryan lost connection: Disconnected
[00:32:41] [Server thread/INFO]: Ryan left the game
[00:32:53] [User Authenticator #12/INFO]: UUID of player Ryan is 9387eaef-0e77-38c7-ab30-0a74e6b7dc95
[00:32:54] [Server thread/INFO]: Ryan[/127.0.0.1:20050] logged in with entity id 26197 at ([world_nether]-203.25509907856463, 128.0, -13.511232723169202)
[00:32:54] [Craft Scheduler Thread - 2639/INFO]: Failed to check for Residence update on spigot web page.
[00:33:03] [Craft Scheduler Thread - 2634/INFO]: [AuthMe] The user Ryan has 2 accounts:
[00:33:03] [Craft Scheduler Thread - 2634/INFO]: [AuthMe] Ryan, spark.
[00:33:03] [Craft Scheduler Thread - 2634/INFO]: [AuthMe] Ryan logged in!
[00:33:19] [Server thread/INFO]: Ryan issued server command: //set blue_ice
[00:33:35] [Server thread/INFO]: Ryan issued server command: //set blue_ice
[00:33:39] [Server thread/WARN]: Mismatch in destroy block pos: BlockPosition{x=0, y=0, z=0} BlockPosition{x=-205, y=129, z=-16}
[00:33:40] [Server thread/WARN]: Mismatch in destroy block pos: BlockPosition{x=0, y=0, z=0} BlockPosition{x=-204, y=129, z=-16}
[00:33:46] [Server thread/INFO]: Ryan issued server command: /gamemode cr
[00:33:49] [Server thread/INFO]: Ryan issued server command: /gamemode creative
[00:34:23] [Server thread/INFO]: Ryan issued server command: //set blue_ice
[00:34:39] [Server thread/INFO]: Ryan lost connection: Disconnected
[00:34:39] [Server thread/INFO]: Ryan left the game
[00:34:47] [User Authenticator #13/INFO]: UUID of player Ryan is 9387eaef-0e77-38c7-ab30-0a74e6b7dc95
[00:34:47] [Server thread/INFO]: Ryan[/127.0.0.1:20132] logged in with entity id 26387 at ([world_nether]-204.69999998807907, 128.0, 128.41233613475185)
[00:34:48] [Craft Scheduler Thread - 2651/INFO]: Failed to check for Residence update on spigot web page.
[00:34:59] [Server thread/INFO]: Ryan issued server command: //copy
[00:35:03] [Craft Scheduler Thread - 2649/INFO]: [AuthMe] The user Ryan has 2 accounts:
[00:35:03] [Craft Scheduler Thread - 2649/INFO]: [AuthMe] Ryan, spark.
[00:35:03] [Craft Scheduler Thread - 2649/INFO]: [AuthMe] Ryan logged in!
[00:35:10] [Server thread/INFO]: Ryan issued server command: /gamemode creative
[00:35:23] [Server thread/INFO]: Ryan issued server command: //copy
[00:35:30] [Server thread/INFO]: Ryan issued server command: //paste
[00:35:35] [Server thread/INFO]: Ryan issued server command: //undo
[00:35:39] [Server thread/INFO]: Ryan issued server command: //paste
[00:35:46] [Server thread/INFO]: Ryan issued server command: //undo
[00:35:50] [Server thread/INFO]: Ryan issued server command: //copy
[00:35:57] [Server thread/INFO]: Ryan issued server command: //paste
[00:36:02] [Server thread/INFO]: Ryan issued server command: //undo
[00:36:07] [Server thread/INFO]: Ryan issued server command: //paste
[00:37:21] [Server thread/INFO]: Ryan lost connection: Disconnected
[00:37:21] [Server thread/INFO]: Ryan left the game
[00:38:33] [User Authenticator #14/INFO]: UUID of player Ryan is 9387eaef-0e77-38c7-ab30-0a74e6b7dc95
[00:38:33] [Server thread/INFO]: Ryan[/127.0.0.1:20162] logged in with entity id 26902 at ([world_nether]-472.96810695801196, 129.0, -23.069121956435364)
[00:38:34] [Craft Scheduler Thread - 2676/INFO]: Failed to check for Residence update on spigot web page.
[00:38:36] [Server thread/INFO]: Ryan lost connection: Disconnected
[00:38:36] [Server thread/INFO]: Ryan left the game
[00:38:46] [User Authenticator #14/INFO]: UUID of player Ryan is 9387eaef-0e77-38c7-ab30-0a74e6b7dc95
[00:38:47] [Server thread/INFO]: Ryan[/171.110.24.137:52376] logged in with entity id 26911 at ([world_nether]-472.96810695801196, 129.0, -23.069121956435364)
[00:38:47] [Craft Scheduler Thread - 2671/INFO]: Failed to check for Residence update on spigot web page.
[00:38:51] [Craft Scheduler Thread - 2676/INFO]: [AuthMe] Ryan logged in!
[00:38:54] [Server thread/INFO]: Ryan issued server command: /gamemode creative
[00:39:21] [Server thread/INFO]: Villager EntityVillager['Villager'/3643, uuid='0fc3eac7-2eb6-4725-8cf3-5936262f8aef', l='world_nether', x=-470.50, y=128.00, z=-72.78, cx=-30, cz=-5, tl=31688301, v=true, d=false] died, message: 'Villager was shot by Ryan using [弯弓]'
[00:41:06] [Server thread/INFO]: Ryan issued server command: /gamemode creative
[00:44:12] [Server thread/WARN]: Can't keep up! Is the server overloaded? Running 5019ms or 100 ticks behind
[00:46:03] [Server thread/INFO]: Ryan lost connection: Disconnected
[00:46:03] [Server thread/INFO]: Ryan left the game
[00:52:58] [Server thread/INFO]: Stopping the server
[00:52:58] [Server thread/INFO]: Stopping server
[00:52:58] [Server thread/INFO]: [AuthMe] Disabling AuthMe v5.6.0-SNAPSHOT-b2347
[00:52:58] [Server thread/INFO]: [AuthMe] Waiting for 0 tasks to finish
[00:52:58] [Server thread/INFO]: [AuthMe] AuthMe 5.6.0-SNAPSHOT-b2347 disabled!
[00:52:58] [Server thread/INFO]: [EssentialsProtect] Disabling EssentialsProtect v2.17.1.29
[00:52:58] [Server thread/INFO]: [Residence] Disabling Residence v4.8.8.2
[00:52:58] [Server thread/INFO]: [Residence] Disabled!
[00:52:58] [Server thread/INFO]: [TitleManager] Disabling TitleManager v2.1.5
[00:52:58] [Server thread/INFO]: [EssentialsSpawn] Disabling EssentialsSpawn v2.17.1.29
[00:52:58] [Server thread/INFO]: [EssentialsChat] Disabling EssentialsChat v2.17.1.29
[00:52:58] [Server thread/INFO]: [Essentials] Disabling Essentials v2.17.1.29
[00:52:58] [Server thread/INFO]: [Vault] [Vault][Economy] Essentials Economy unhooked.
[00:52:58] [Server thread/INFO]: [BossShopPro] Disabling BossShopPro v2.0.8
[00:52:58] [Server thread/INFO]: [BossShopPro] Disabling... bye!
[00:52:58] [Server thread/INFO]: [Multiverse-Core] Disabling Multiverse-Core v4.1.1-SNAPSHOT-b777
[00:52:58] [Server thread/INFO]: [PlayerPoints] Disabling PlayerPoints v2.1.5-SNAPSHOT
[00:52:58] [Server thread/INFO]: [PlaceholderAPI] Unregistered placeholder expansion: playerpoints
[00:52:58] [Server thread/INFO]: [Vault] Disabling Vault v1.7.2-b107
[00:52:58] [Server thread/INFO]: WEPIF: GroupManager detected! Using GroupManager for permissions.
[00:52:58] [Server thread/INFO]: [PlaceholderAPI] Unregistered placeholder expansion: vault
[00:52:58] [Server thread/INFO]: [ViaVersion] Disabling ViaVersion v2.2.2
[00:52:58] [Server thread/INFO]: [ViaVersion] ViaVersion is disabling, if this is a reload and you experience issues consider rebooting.
[00:52:58] [Server thread/INFO]: [GroupManager] Disabling GroupManager v2.0.4-b136
[00:52:58] [Server thread/INFO]: WEPIF: GroupManager detected! Using GroupManager for permissions.
[00:52:58] [Server thread/INFO]: GroupManager - INFO - Scheduled Data Saving is disabled!
[00:52:58] [Server thread/INFO]: GroupManager version 2.0.4-b136 is disabled!
[00:52:58] [Server thread/INFO]: [PlaceholderAPI] Disabling PlaceholderAPI v2.10.4
[00:52:58] [Server thread/INFO]: [BlockLocker] Disabling BlockLocker v1.7.1
[00:52:58] [Server thread/INFO]: [WorldEdit] Disabling WorldEdit v7.1.0;8e55131
[00:52:58] [Server thread/INFO]: Unregistering com.sk89q.worldedit.bukkit.BukkitServerInterface from WorldEdit
[00:52:58] [Server thread/INFO]: Saving players
[00:52:58] [Server thread/INFO]: Saving worlds
[00:52:58] [Server thread/INFO]: Saving chunks for level 'world'/minecraft:overworld
[00:52:58] [Server thread/INFO]: ThreadedAnvilChunkStorage (world): All chunks are saved
[00:52:58] [Server thread/INFO]: Saving chunks for level 'world_nether'/minecraft:the_nether
[00:52:58] [Server thread/INFO]: ThreadedAnvilChunkStorage (DIM-1): All chunks are saved
[00:52:58] [Server thread/INFO]: Saving chunks for level 'world_the_end'/minecraft:the_end
[00:52:58] [Server thread/INFO]: ThreadedAnvilChunkStorage (DIM1): All chunks are saved
[00:52:58] [Server thread/INFO]: ThreadedAnvilChunkStorage (world): All chunks are saved
[00:52:59] [Server thread/INFO]: ThreadedAnvilChunkStorage (DIM-1): All chunks are saved
[00:53:00] [Server thread/INFO]: ThreadedAnvilChunkStorage (DIM1): All chunks are saved
